{"E:\\NoteTakingTs\\backend\\controllers\\cleanUpController.js": {"path":"E:\\NoteTakingTs\\backend\\controllers\\cleanUpController.js","statementMap":{"0":{"start":{"line":4,"column":24},"end":{"line":7,"column":1}},"1":{"start":{"line":5,"column":20},"end":{"line":5,"column":60}},"2":{"start":{"line":6,"column":4},"end":{"line":6,"column":37}},"3":{"start":{"line":8,"column":39},"end":{"line":29,"column":1}},"4":{"start":{"line":9,"column":23},"end":{"line":9,"column":60}},"5":{"start":{"line":10,"column":23},"end":{"line":12,"column":6}},"6":{"start":{"line":13,"column":4},"end":{"line":28,"column":5}},"7":{"start":{"line":14,"column":26},"end":{"line":19,"column":10}},"8":{"start":{"line":20,"column":8},"end":{"line":27,"column":9}},"9":{"start":{"line":21,"column":29},"end":{"line":21,"column":60}},"10":{"start":{"line":22,"column":12},"end":{"line":22,"column":56}},"11":{"start":{"line":23,"column":12},"end":{"line":23,"column":36}},"12":{"start":{"line":26,"column":12},"end":{"line":26,"column":36}}},"fnMap":{"0":{"name":"(anonymous_0)","decl":{"start":{"line":4,"column":24},"end":{"line":4,"column":25}},"loc":{"start":{"line":4,"column":33},"end":{"line":7,"column":1}},"line":4},"1":{"name":"(anonymous_1)","decl":{"start":{"line":8,"column":39},"end":{"line":8,"column":40}},"loc":{"start":{"line":8,"column":51},"end":{"line":29,"column":1}},"line":8}},"branchMap":{"0":{"loc":{"start":{"line":6,"column":11},"end":{"line":6,"column":36}},"type":"cond-expr","locations":[{"start":{"line":6,"column":21},"end":{"line":6,"column":31}},{"start":{"line":6,"column":34},"end":{"line":6,"column":36}}],"line":6},"1":{"loc":{"start":{"line":20,"column":8},"end":{"line":27,"column":9}},"type":"if","locations":[{"start":{"line":20,"column":8},"end":{"line":27,"column":9}},{"start":{"line":25,"column":13},"end":{"line":27,"column":9}}],"line":20}},"s":{"0":2,"1":6,"2":6,"3":2,"4":6,"5":6,"6":6,"7":4,"8":4,"9":2,"10":2,"11":2,"12":2},"f":{"0":6,"1":6},"b":{"0":[4,2],"1":[2,2]},"inputSourceMap":null,"_coverageSchema":"1a1c01bbd47fc00a2c39e90264f33305004495a9","hash":"2f6dfaaca278a0556c77e7fd847ee235fe7c3f64"}
,"E:\\NoteTakingTs\\backend\\controllers\\extractImageUrls.js": {"path":"E:\\NoteTakingTs\\backend\\controllers\\extractImageUrls.js","statementMap":{"0":{"start":{"line":2,"column":32},"end":{"line":8,"column":1}},"1":{"start":{"line":3,"column":20},"end":{"line":3,"column":63}},"2":{"start":{"line":4,"column":17},"end":{"line":6,"column":49}},"3":{"start":{"line":5,"column":22},"end":{"line":5,"column":53}},"4":{"start":{"line":6,"column":25},"end":{"line":6,"column":48}},"5":{"start":{"line":7,"column":4},"end":{"line":7,"column":16}}},"fnMap":{"0":{"name":"(anonymous_0)","decl":{"start":{"line":2,"column":32},"end":{"line":2,"column":33}},"loc":{"start":{"line":2,"column":47},"end":{"line":8,"column":1}},"line":2},"1":{"name":"(anonymous_1)","decl":{"start":{"line":5,"column":13},"end":{"line":5,"column":14}},"loc":{"start":{"line":5,"column":22},"end":{"line":5,"column":53}},"line":5},"2":{"name":"(anonymous_2)","decl":{"start":{"line":6,"column":16},"end":{"line":6,"column":17}},"loc":{"start":{"line":6,"column":25},"end":{"line":6,"column":48}},"line":6}},"branchMap":{"0":{"loc":{"start":{"line":2,"column":33},"end":{"line":2,"column":42}},"type":"default-arg","locations":[{"start":{"line":2,"column":40},"end":{"line":2,"column":42}}],"line":2},"1":{"loc":{"start":{"line":3,"column":20},"end":{"line":3,"column":63}},"type":"binary-expr","locations":[{"start":{"line":3,"column":20},"end":{"line":3,"column":57}},{"start":{"line":3,"column":61},"end":{"line":3,"column":63}}],"line":3}},"s":{"0":4,"1":58,"2":58,"3":24,"4":24,"5":58},"f":{"0":58,"1":24,"2":24},"b":{"0":[0],"1":[58,36]},"inputSourceMap":null,"_coverageSchema":"1a1c01bbd47fc00a2c39e90264f33305004495a9","hash":"3119c0867467706853107b6c351e32815562af5c"}
,"E:\\NoteTakingTs\\backend\\controllers\\noteController.js": {"path":"E:\\NoteTakingTs\\backend\\controllers\\noteController.js","statementMap":{"0":{"start":{"line":6,"column":27},"end":{"line":21,"column":1}},"1":{"start":{"line":7,"column":4},"end":{"line":20,"column":7}},"2":{"start":{"line":8,"column":23},"end":{"line":18,"column":10}},"3":{"start":{"line":12,"column":12},"end":{"line":17,"column":13}},"4":{"start":{"line":13,"column":16},"end":{"line":13,"column":43}},"5":{"start":{"line":16,"column":16},"end":{"line":16,"column":30}},"6":{"start":{"line":19,"column":8},"end":{"line":19,"column":58}},"7":{"start":{"line":22,"column":24},"end":{"line":25,"column":1}},"8":{"start":{"line":23,"column":18},"end":{"line":23,"column":64}},"9":{"start":{"line":24,"column":4},"end":{"line":24,"column":33}},"10":{"start":{"line":26,"column":24},"end":{"line":34,"column":1}},"11":{"start":{"line":27,"column":4},"end":{"line":31,"column":5}},"12":{"start":{"line":28,"column":22},"end":{"line":28,"column":66}},"13":{"start":{"line":29,"column":8},"end":{"line":29,"column":31}},"14":{"start":{"line":30,"column":8},"end":{"line":30,"column":20}},"15":{"start":{"line":32,"column":18},"end":{"line":32,"column":58}},"16":{"start":{"line":33,"column":4},"end":{"line":33,"column":20}},"17":{"start":{"line":35,"column":26},"end":{"line":61,"column":1}},"18":{"start":{"line":36,"column":4},"end":{"line":40,"column":5}},"19":{"start":{"line":37,"column":22},"end":{"line":37,"column":66}},"20":{"start":{"line":38,"column":8},"end":{"line":38,"column":31}},"21":{"start":{"line":39,"column":8},"end":{"line":39,"column":20}},"22":{"start":{"line":41,"column":31},"end":{"line":41,"column":39}},"23":{"start":{"line":42,"column":19},"end":{"line":42,"column":21}},"24":{"start":{"line":43,"column":4},"end":{"line":53,"column":5}},"25":{"start":{"line":44,"column":8},"end":{"line":52,"column":9}},"26":{"start":{"line":45,"column":12},"end":{"line":45,"column":65}},"27":{"start":{"line":48,"column":24},"end":{"line":48,"column":29}},"28":{"start":{"line":49,"column":32},"end":{"line":49,"column":64}},"29":{"start":{"line":50,"column":12},"end":{"line":50,"column":41}},"30":{"start":{"line":51,"column":12},"end":{"line":51,"column":30}},"31":{"start":{"line":54,"column":17},"end":{"line":59,"column":6}},"32":{"start":{"line":60,"column":4},"end":{"line":60,"column":31}},"33":{"start":{"line":62,"column":24},"end":{"line":115,"column":1}},"34":{"start":{"line":63,"column":4},"end":{"line":67,"column":5}},"35":{"start":{"line":64,"column":22},"end":{"line":64,"column":66}},"36":{"start":{"line":65,"column":8},"end":{"line":65,"column":31}},"37":{"start":{"line":66,"column":8},"end":{"line":66,"column":20}},"38":{"start":{"line":68,"column":19},"end":{"line":68,"column":32}},"39":{"start":{"line":69,"column":23},"end":{"line":69,"column":38}},"40":{"start":{"line":70,"column":20},"end":{"line":70,"column":47}},"41":{"start":{"line":71,"column":4},"end":{"line":75,"column":5}},"42":{"start":{"line":72,"column":22},"end":{"line":72,"column":49}},"43":{"start":{"line":73,"column":8},"end":{"line":73,"column":31}},"44":{"start":{"line":74,"column":8},"end":{"line":74,"column":20}},"45":{"start":{"line":76,"column":4},"end":{"line":87,"column":5}},"46":{"start":{"line":77,"column":8},"end":{"line":86,"column":9}},"47":{"start":{"line":78,"column":29},"end":{"line":78,"column":70}},"48":{"start":{"line":79,"column":12},"end":{"line":79,"column":43}},"49":{"start":{"line":82,"column":24},"end":{"line":82,"column":29}},"50":{"start":{"line":83,"column":32},"end":{"line":83,"column":64}},"51":{"start":{"line":84,"column":12},"end":{"line":84,"column":41}},"52":{"start":{"line":85,"column":12},"end":{"line":85,"column":30}},"53":{"start":{"line":88,"column":24},"end":{"line":90,"column":6}},"54":{"start":{"line":91,"column":4},"end":{"line":95,"column":5}},"55":{"start":{"line":92,"column":22},"end":{"line":92,"column":56}},"56":{"start":{"line":93,"column":8},"end":{"line":93,"column":31}},"57":{"start":{"line":94,"column":8},"end":{"line":94,"column":20}},"58":{"start":{"line":96,"column":25},"end":{"line":96,"column":58}},"59":{"start":{"line":97,"column":25},"end":{"line":97,"column":61}},"60":{"start":{"line":98,"column":25},"end":{"line":98,"column":82}},"61":{"start":{"line":98,"column":54},"end":{"line":98,"column":81}},"62":{"start":{"line":99,"column":4},"end":{"line":103,"column":5}},"63":{"start":{"line":102,"column":8},"end":{"line":102,"column":44}},"64":{"start":{"line":104,"column":4},"end":{"line":109,"column":5}},"65":{"start":{"line":105,"column":23},"end":{"line":105,"column":70}},"66":{"start":{"line":106,"column":8},"end":{"line":108,"column":9}},"67":{"start":{"line":107,"column":12},"end":{"line":107,"column":83}},"68":{"start":{"line":110,"column":4},"end":{"line":114,"column":7}},"69":{"start":{"line":116,"column":26},"end":{"line":151,"column":1}},"70":{"start":{"line":117,"column":4},"end":{"line":121,"column":5}},"71":{"start":{"line":118,"column":22},"end":{"line":118,"column":66}},"72":{"start":{"line":119,"column":8},"end":{"line":119,"column":31}},"73":{"start":{"line":120,"column":8},"end":{"line":120,"column":20}},"74":{"start":{"line":122,"column":17},"end":{"line":122,"column":51}},"75":{"start":{"line":123,"column":4},"end":{"line":127,"column":5}},"76":{"start":{"line":124,"column":22},"end":{"line":124,"column":49}},"77":{"start":{"line":125,"column":8},"end":{"line":125,"column":31}},"78":{"start":{"line":126,"column":8},"end":{"line":126,"column":20}},"79":{"start":{"line":128,"column":17},"end":{"line":133,"column":5}},"80":{"start":{"line":130,"column":24},"end":{"line":130,"column":53}},"81":{"start":{"line":134,"column":4},"end":{"line":134,"column":48}},"82":{"start":{"line":135,"column":22},"end":{"line":135,"column":63}},"83":{"start":{"line":135,"column":41},"end":{"line":135,"column":62}},"84":{"start":{"line":136,"column":4},"end":{"line":146,"column":8}},"85":{"start":{"line":137,"column":25},"end":{"line":137,"column":45}},"86":{"start":{"line":138,"column":8},"end":{"line":145,"column":9}},"87":{"start":{"line":139,"column":12},"end":{"line":144,"column":13}},"88":{"start":{"line":140,"column":16},"end":{"line":140,"column":60}},"89":{"start":{"line":143,"column":16},"end":{"line":143,"column":57}},"90":{"start":{"line":147,"column":4},"end":{"line":150,"column":7}},"91":{"start":{"line":152,"column":27},"end":{"line":177,"column":1}},"92":{"start":{"line":153,"column":4},"end":{"line":157,"column":5}},"93":{"start":{"line":154,"column":22},"end":{"line":154,"column":66}},"94":{"start":{"line":155,"column":8},"end":{"line":155,"column":31}},"95":{"start":{"line":156,"column":8},"end":{"line":156,"column":20}},"96":{"start":{"line":158,"column":4},"end":{"line":162,"column":5}},"97":{"start":{"line":159,"column":22},"end":{"line":159,"column":57}},"98":{"start":{"line":160,"column":8},"end":{"line":160,"column":31}},"99":{"start":{"line":161,"column":8},"end":{"line":161,"column":20}},"100":{"start":{"line":163,"column":4},"end":{"line":176,"column":5}},"101":{"start":{"line":164,"column":25},"end":{"line":164,"column":66}},"102":{"start":{"line":165,"column":8},"end":{"line":169,"column":11}},"103":{"start":{"line":172,"column":20},"end":{"line":172,"column":25}},"104":{"start":{"line":173,"column":28},"end":{"line":173,"column":76}},"105":{"start":{"line":174,"column":8},"end":{"line":174,"column":37}},"106":{"start":{"line":175,"column":8},"end":{"line":175,"column":26}}},"fnMap":{"0":{"name":"(anonymous_0)","decl":{"start":{"line":6,"column":27},"end":{"line":6,"column":28}},"loc":{"start":{"line":6,"column":39},"end":{"line":21,"column":1}},"line":6},"1":{"name":"(anonymous_1)","decl":{"start":{"line":7,"column":23},"end":{"line":7,"column":24}},"loc":{"start":{"line":7,"column":44},"end":{"line":20,"column":5}},"line":7},"2":{"name":"(anonymous_2)","decl":{"start":{"line":11,"column":11},"end":{"line":11,"column":12}},"loc":{"start":{"line":11,"column":30},"end":{"line":18,"column":9}},"line":11},"3":{"name":"(anonymous_3)","decl":{"start":{"line":22,"column":24},"end":{"line":22,"column":25}},"loc":{"start":{"line":22,"column":33},"end":{"line":25,"column":1}},"line":22},"4":{"name":"(anonymous_4)","decl":{"start":{"line":26,"column":24},"end":{"line":26,"column":25}},"loc":{"start":{"line":26,"column":44},"end":{"line":34,"column":1}},"line":26},"5":{"name":"(anonymous_5)","decl":{"start":{"line":35,"column":26},"end":{"line":35,"column":27}},"loc":{"start":{"line":35,"column":46},"end":{"line":61,"column":1}},"line":35},"6":{"name":"(anonymous_6)","decl":{"start":{"line":62,"column":24},"end":{"line":62,"column":25}},"loc":{"start":{"line":62,"column":44},"end":{"line":115,"column":1}},"line":62},"7":{"name":"(anonymous_7)","decl":{"start":{"line":98,"column":45},"end":{"line":98,"column":46}},"loc":{"start":{"line":98,"column":54},"end":{"line":98,"column":81}},"line":98},"8":{"name":"(anonymous_8)","decl":{"start":{"line":116,"column":26},"end":{"line":116,"column":27}},"loc":{"start":{"line":116,"column":46},"end":{"line":151,"column":1}},"line":116},"9":{"name":"(anonymous_9)","decl":{"start":{"line":130,"column":17},"end":{"line":130,"column":18}},"loc":{"start":{"line":130,"column":24},"end":{"line":130,"column":53}},"line":130},"10":{"name":"(anonymous_10)","decl":{"start":{"line":135,"column":34},"end":{"line":135,"column":35}},"loc":{"start":{"line":135,"column":41},"end":{"line":135,"column":62}},"line":135},"11":{"name":"(anonymous_11)","decl":{"start":{"line":136,"column":36},"end":{"line":136,"column":37}},"loc":{"start":{"line":136,"column":51},"end":{"line":146,"column":5}},"line":136},"12":{"name":"(anonymous_12)","decl":{"start":{"line":152,"column":27},"end":{"line":152,"column":28}},"loc":{"start":{"line":152,"column":53},"end":{"line":177,"column":1}},"line":152}},"branchMap":{"0":{"loc":{"start":{"line":12,"column":12},"end":{"line":17,"column":13}},"type":"if","locations":[{"start":{"line":12,"column":12},"end":{"line":17,"column":13}},{"start":{"line":15,"column":17},"end":{"line":17,"column":13}}],"line":12},"1":{"loc":{"start":{"line":24,"column":11},"end":{"line":24,"column":32}},"type":"cond-expr","locations":[{"start":{"line":24,"column":19},"end":{"line":24,"column":27}},{"start":{"line":24,"column":30},"end":{"line":24,"column":32}}],"line":24},"2":{"loc":{"start":{"line":27,"column":4},"end":{"line":31,"column":5}},"type":"if","locations":[{"start":{"line":27,"column":4},"end":{"line":31,"column":5}},{"start":{},"end":{}}],"line":27},"3":{"loc":{"start":{"line":36,"column":4},"end":{"line":40,"column":5}},"type":"if","locations":[{"start":{"line":36,"column":4},"end":{"line":40,"column":5}},{"start":{},"end":{}}],"line":36},"4":{"loc":{"start":{"line":43,"column":4},"end":{"line":53,"column":5}},"type":"if","locations":[{"start":{"line":43,"column":4},"end":{"line":53,"column":5}},{"start":{},"end":{}}],"line":43},"5":{"loc":{"start":{"line":63,"column":4},"end":{"line":67,"column":5}},"type":"if","locations":[{"start":{"line":63,"column":4},"end":{"line":67,"column":5}},{"start":{},"end":{}}],"line":63},"6":{"loc":{"start":{"line":71,"column":4},"end":{"line":75,"column":5}},"type":"if","locations":[{"start":{"line":71,"column":4},"end":{"line":75,"column":5}},{"start":{},"end":{}}],"line":71},"7":{"loc":{"start":{"line":76,"column":4},"end":{"line":87,"column":5}},"type":"if","locations":[{"start":{"line":76,"column":4},"end":{"line":87,"column":5}},{"start":{},"end":{}}],"line":76},"8":{"loc":{"start":{"line":91,"column":4},"end":{"line":95,"column":5}},"type":"if","locations":[{"start":{"line":91,"column":4},"end":{"line":95,"column":5}},{"start":{},"end":{}}],"line":91},"9":{"loc":{"start":{"line":99,"column":4},"end":{"line":103,"column":5}},"type":"if","locations":[{"start":{"line":99,"column":4},"end":{"line":103,"column":5}},{"start":{},"end":{}}],"line":99},"10":{"loc":{"start":{"line":99,"column":8},"end":{"line":101,"column":48}},"type":"binary-expr","locations":[{"start":{"line":99,"column":8},"end":{"line":99,"column":24}},{"start":{"line":100,"column":8},"end":{"line":100,"column":27}},{"start":{"line":101,"column":8},"end":{"line":101,"column":48}}],"line":99},"11":{"loc":{"start":{"line":106,"column":8},"end":{"line":108,"column":9}},"type":"if","locations":[{"start":{"line":106,"column":8},"end":{"line":108,"column":9}},{"start":{},"end":{}}],"line":106},"12":{"loc":{"start":{"line":117,"column":4},"end":{"line":121,"column":5}},"type":"if","locations":[{"start":{"line":117,"column":4},"end":{"line":121,"column":5}},{"start":{},"end":{}}],"line":117},"13":{"loc":{"start":{"line":123,"column":4},"end":{"line":127,"column":5}},"type":"if","locations":[{"start":{"line":123,"column":4},"end":{"line":127,"column":5}},{"start":{},"end":{}}],"line":123},"14":{"loc":{"start":{"line":129,"column":12},"end":{"line":129,"column":78}},"type":"binary-expr","locations":[{"start":{"line":129,"column":12},"end":{"line":129,"column":72}},{"start":{"line":129,"column":76},"end":{"line":129,"column":78}}],"line":129},"15":{"loc":{"start":{"line":132,"column":12},"end":{"line":132,"column":72}},"type":"cond-expr","locations":[{"start":{"line":132,"column":52},"end":{"line":132,"column":67}},{"start":{"line":132,"column":70},"end":{"line":132,"column":72}}],"line":132},"16":{"loc":{"start":{"line":138,"column":8},"end":{"line":145,"column":9}},"type":"if","locations":[{"start":{"line":138,"column":8},"end":{"line":145,"column":9}},{"start":{},"end":{}}],"line":138},"17":{"loc":{"start":{"line":153,"column":4},"end":{"line":157,"column":5}},"type":"if","locations":[{"start":{"line":153,"column":4},"end":{"line":157,"column":5}},{"start":{},"end":{}}],"line":153},"18":{"loc":{"start":{"line":158,"column":4},"end":{"line":162,"column":5}},"type":"if","locations":[{"start":{"line":158,"column":4},"end":{"line":162,"column":5}},{"start":{},"end":{}}],"line":158}},"s":{"0":4,"1":18,"2":18,"3":18,"4":12,"5":6,"6":18,"7":4,"8":10,"9":10,"10":4,"11":6,"12":2,"13":2,"14":2,"15":4,"16":2,"17":4,"18":36,"19":2,"20":2,"21":2,"22":34,"23":34,"24":34,"25":8,"26":8,"27":2,"28":2,"29":2,"30":2,"31":32,"32":32,"33":4,"34":26,"35":2,"36":2,"37":2,"38":24,"39":24,"40":24,"41":24,"42":2,"43":2,"44":2,"45":22,"46":6,"47":6,"48":4,"49":2,"50":2,"51":2,"52":2,"53":20,"54":20,"55":2,"56":2,"57":2,"58":18,"59":18,"60":18,"61":10,"62":18,"63":2,"64":18,"65":12,"66":10,"67":8,"68":16,"69":4,"70":14,"71":2,"72":2,"73":2,"74":12,"75":12,"76":2,"77":2,"78":2,"79":10,"80":4,"81":10,"82":10,"83":6,"84":10,"85":6,"86":6,"87":4,"88":4,"89":2,"90":10,"91":4,"92":10,"93":2,"94":2,"95":2,"96":8,"97":4,"98":4,"99":4,"100":4,"101":4,"102":2,"103":2,"104":2,"105":2,"106":2},"f":{"0":18,"1":18,"2":18,"3":10,"4":6,"5":36,"6":26,"7":10,"8":14,"9":4,"10":6,"11":6,"12":10},"b":{"0":[12,6],"1":[6,4],"2":[2,4],"3":[2,34],"4":[8,26],"5":[2,24],"6":[2,22],"7":[6,16],"8":[2,18],"9":[2,16],"10":[18,4,4],"11":[8,2],"12":[2,12],"13":[2,10],"14":[10,6],"15":[2,8],"16":[4,2],"17":[2,8],"18":[4,4]},"inputSourceMap":null,"_coverageSchema":"1a1c01bbd47fc00a2c39e90264f33305004495a9","hash":"a0ed9cb870359a49d65cbb98ca142cfbb7f83c4f"}
,"E:\\NoteTakingTs\\backend\\controllers\\userController.js": {"path":"E:\\NoteTakingTs\\backend\\controllers\\userController.js","statementMap":{"0":{"start":{"line":4,"column":30},"end":{"line":24,"column":1}},"1":{"start":{"line":5,"column":4},"end":{"line":23,"column":5}},"2":{"start":{"line":6,"column":42},"end":{"line":6,"column":50}},"3":{"start":{"line":7,"column":29},"end":{"line":7,"column":58}},"4":{"start":{"line":8,"column":8},"end":{"line":12,"column":9}},"5":{"start":{"line":9,"column":26},"end":{"line":9,"column":57}},"6":{"start":{"line":10,"column":12},"end":{"line":10,"column":35}},"7":{"start":{"line":11,"column":12},"end":{"line":11,"column":24}},"8":{"start":{"line":13,"column":31},"end":{"line":13,"column":62}},"9":{"start":{"line":14,"column":21},"end":{"line":14,"column":72}},"10":{"start":{"line":15,"column":8},"end":{"line":15,"column":26}},"11":{"start":{"line":16,"column":8},"end":{"line":19,"column":11}},"12":{"start":{"line":22,"column":8},"end":{"line":22,"column":18}},"13":{"start":{"line":25,"column":24},"end":{"line":33,"column":1}},"14":{"start":{"line":26,"column":22},"end":{"line":26,"column":31}},"15":{"start":{"line":27,"column":4},"end":{"line":30,"column":5}},"16":{"start":{"line":28,"column":8},"end":{"line":28,"column":78}},"17":{"start":{"line":29,"column":8},"end":{"line":29,"column":15}},"18":{"start":{"line":31,"column":17},"end":{"line":31,"column":46}},"19":{"start":{"line":32,"column":4},"end":{"line":32,"column":33}},"20":{"start":{"line":34,"column":25},"end":{"line":58,"column":1}},"21":{"start":{"line":35,"column":4},"end":{"line":57,"column":5}},"22":{"start":{"line":36,"column":36},"end":{"line":36,"column":44}},"23":{"start":{"line":37,"column":21},"end":{"line":37,"column":50}},"24":{"start":{"line":38,"column":8},"end":{"line":42,"column":9}},"25":{"start":{"line":39,"column":26},"end":{"line":39,"column":53}},"26":{"start":{"line":40,"column":12},"end":{"line":40,"column":35}},"27":{"start":{"line":41,"column":12},"end":{"line":41,"column":24}},"28":{"start":{"line":43,"column":28},"end":{"line":43,"column":73}},"29":{"start":{"line":44,"column":8},"end":{"line":48,"column":9}},"30":{"start":{"line":45,"column":26},"end":{"line":45,"column":59}},"31":{"start":{"line":46,"column":12},"end":{"line":46,"column":35}},"32":{"start":{"line":47,"column":12},"end":{"line":47,"column":24}},"33":{"start":{"line":49,"column":22},"end":{"line":49,"column":93}},"34":{"start":{"line":50,"column":8},"end":{"line":53,"column":11}},"35":{"start":{"line":56,"column":8},"end":{"line":56,"column":18}}},"fnMap":{"0":{"name":"(anonymous_0)","decl":{"start":{"line":4,"column":30},"end":{"line":4,"column":31}},"loc":{"start":{"line":4,"column":56},"end":{"line":24,"column":1}},"line":4},"1":{"name":"(anonymous_1)","decl":{"start":{"line":25,"column":24},"end":{"line":25,"column":25}},"loc":{"start":{"line":25,"column":50},"end":{"line":33,"column":1}},"line":25},"2":{"name":"(anonymous_2)","decl":{"start":{"line":34,"column":25},"end":{"line":34,"column":26}},"loc":{"start":{"line":34,"column":51},"end":{"line":58,"column":1}},"line":34}},"branchMap":{"0":{"loc":{"start":{"line":8,"column":8},"end":{"line":12,"column":9}},"type":"if","locations":[{"start":{"line":8,"column":8},"end":{"line":12,"column":9}},{"start":{},"end":{}}],"line":8},"1":{"loc":{"start":{"line":27,"column":4},"end":{"line":30,"column":5}},"type":"if","locations":[{"start":{"line":27,"column":4},"end":{"line":30,"column":5}},{"start":{},"end":{}}],"line":27},"2":{"loc":{"start":{"line":38,"column":8},"end":{"line":42,"column":9}},"type":"if","locations":[{"start":{"line":38,"column":8},"end":{"line":42,"column":9}},{"start":{},"end":{}}],"line":38},"3":{"loc":{"start":{"line":44,"column":8},"end":{"line":48,"column":9}},"type":"if","locations":[{"start":{"line":44,"column":8},"end":{"line":48,"column":9}},{"start":{},"end":{}}],"line":44}},"s":{"0":4,"1":20,"2":20,"3":20,"4":20,"5":2,"6":2,"7":2,"8":18,"9":18,"10":18,"11":18,"12":2,"13":4,"14":6,"15":6,"16":2,"17":2,"18":4,"19":4,"20":4,"21":8,"22":8,"23":8,"24":8,"25":2,"26":2,"27":2,"28":6,"29":6,"30":2,"31":2,"32":2,"33":4,"34":4,"35":4},"f":{"0":20,"1":6,"2":8},"b":{"0":[2,18],"1":[2,4],"2":[2,6],"3":[2,4]},"inputSourceMap":null,"_coverageSchema":"1a1c01bbd47fc00a2c39e90264f33305004495a9","hash":"77a2c1311e3aed0b97f0a35e05a6402568f4f024"}
,"E:\\NoteTakingTs\\backend\\middleware\\asyncHandler.js": {"path":"E:\\NoteTakingTs\\backend\\middleware\\asyncHandler.js","statementMap":{"0":{"start":{"line":1,"column":21},"end":{"line":1,"column":96}},"1":{"start":{"line":1,"column":29},"end":{"line":1,"column":96}},"2":{"start":{"line":1,"column":49},"end":{"line":1,"column":96}}},"fnMap":{"0":{"name":"(anonymous_0)","decl":{"start":{"line":1,"column":21},"end":{"line":1,"column":22}},"loc":{"start":{"line":1,"column":29},"end":{"line":1,"column":96}},"line":1},"1":{"name":"(anonymous_1)","decl":{"start":{"line":1,"column":29},"end":{"line":1,"column":30}},"loc":{"start":{"line":1,"column":49},"end":{"line":1,"column":96}},"line":1}},"branchMap":{},"s":{"0":4,"1":36,"2":202},"f":{"0":36,"1":202},"b":{},"inputSourceMap":null,"_coverageSchema":"1a1c01bbd47fc00a2c39e90264f33305004495a9","hash":"a03a5575be11f6244e0fa3b200e93a6946c65359"}
,"E:\\NoteTakingTs\\backend\\middleware\\errorHandler.js": {"path":"E:\\NoteTakingTs\\backend\\middleware\\errorHandler.js","statementMap":{"0":{"start":{"line":1,"column":21},"end":{"line":25,"column":1}},"1":{"start":{"line":2,"column":21},"end":{"line":2,"column":42}},"2":{"start":{"line":3,"column":18},"end":{"line":3,"column":80}},"3":{"start":{"line":4,"column":4},"end":{"line":7,"column":5}},"4":{"start":{"line":5,"column":8},"end":{"line":5,"column":25}},"5":{"start":{"line":6,"column":8},"end":{"line":6,"column":30}},"6":{"start":{"line":8,"column":4},"end":{"line":11,"column":5}},"7":{"start":{"line":9,"column":8},"end":{"line":9,"column":25}},"8":{"start":{"line":10,"column":8},"end":{"line":10,"column":39}},"9":{"start":{"line":12,"column":4},"end":{"line":15,"column":5}},"10":{"start":{"line":13,"column":8},"end":{"line":13,"column":25}},"11":{"start":{"line":14,"column":8},"end":{"line":14,"column":81}},"12":{"start":{"line":16,"column":4},"end":{"line":20,"column":5}},"13":{"start":{"line":18,"column":8},"end":{"line":18,"column":25}},"14":{"start":{"line":19,"column":8},"end":{"line":19,"column":65}},"15":{"start":{"line":21,"column":4},"end":{"line":24,"column":7}}},"fnMap":{"0":{"name":"(anonymous_0)","decl":{"start":{"line":1,"column":21},"end":{"line":1,"column":22}},"loc":{"start":{"line":1,"column":46},"end":{"line":25,"column":1}},"line":1}},"branchMap":{"0":{"loc":{"start":{"line":2,"column":21},"end":{"line":2,"column":42}},"type":"binary-expr","locations":[{"start":{"line":2,"column":21},"end":{"line":2,"column":35}},{"start":{"line":2,"column":39},"end":{"line":2,"column":42}}],"line":2},"1":{"loc":{"start":{"line":3,"column":18},"end":{"line":3,"column":80}},"type":"binary-expr","locations":[{"start":{"line":3,"column":18},"end":{"line":3,"column":29}},{"start":{"line":3,"column":33},"end":{"line":3,"column":80}}],"line":3},"2":{"loc":{"start":{"line":4,"column":4},"end":{"line":7,"column":5}},"type":"if","locations":[{"start":{"line":4,"column":4},"end":{"line":7,"column":5}},{"start":{},"end":{}}],"line":4},"3":{"loc":{"start":{"line":8,"column":4},"end":{"line":11,"column":5}},"type":"if","locations":[{"start":{"line":8,"column":4},"end":{"line":11,"column":5}},{"start":{},"end":{}}],"line":8},"4":{"loc":{"start":{"line":12,"column":4},"end":{"line":15,"column":5}},"type":"if","locations":[{"start":{"line":12,"column":4},"end":{"line":15,"column":5}},{"start":{},"end":{}}],"line":12},"5":{"loc":{"start":{"line":12,"column":8},"end":{"line":12,"column":76}},"type":"binary-expr","locations":[{"start":{"line":12,"column":8},"end":{"line":12,"column":40}},{"start":{"line":12,"column":44},"end":{"line":12,"column":76}}],"line":12},"6":{"loc":{"start":{"line":16,"column":4},"end":{"line":20,"column":5}},"type":"if","locations":[{"start":{"line":16,"column":4},"end":{"line":20,"column":5}},{"start":{},"end":{}}],"line":16},"7":{"loc":{"start":{"line":16,"column":8},"end":{"line":17,"column":42}},"type":"binary-expr","locations":[{"start":{"line":16,"column":8},"end":{"line":16,"column":45}},{"start":{"line":17,"column":8},"end":{"line":17,"column":42}}],"line":16}},"s":{"0":6,"1":46,"2":46,"3":46,"4":2,"5":2,"6":46,"7":2,"8":2,"9":46,"10":4,"11":4,"12":46,"13":4,"14":4,"15":46},"f":{"0":46},"b":{"0":[46,20],"1":[46,8],"2":[2,44],"3":[2,44],"4":[4,42],"5":[46,44],"6":[4,42],"7":[46,44]},"inputSourceMap":null,"_coverageSchema":"1a1c01bbd47fc00a2c39e90264f33305004495a9","hash":"1ada2c71f8f2fe13c5a5a8d52f88d43bb8b04150"}
,"E:\\NoteTakingTs\\backend\\middleware\\verifyTokenHandler.js": {"path":"E:\\NoteTakingTs\\backend\\middleware\\verifyTokenHandler.js","statementMap":{"0":{"start":{"line":4,"column":0},"end":{"line":4,"column":16}},"1":{"start":{"line":5,"column":19},"end":{"line":5,"column":41}},"2":{"start":{"line":6,"column":20},"end":{"line":24,"column":2}},"3":{"start":{"line":7,"column":23},"end":{"line":7,"column":48}},"4":{"start":{"line":8,"column":4},"end":{"line":12,"column":5}},"5":{"start":{"line":9,"column":22},"end":{"line":9,"column":66}},"6":{"start":{"line":10,"column":8},"end":{"line":10,"column":31}},"7":{"start":{"line":11,"column":8},"end":{"line":11,"column":20}},"8":{"start":{"line":13,"column":18},"end":{"line":13,"column":42}},"9":{"start":{"line":14,"column":4},"end":{"line":23,"column":5}},"10":{"start":{"line":15,"column":24},"end":{"line":15,"column":53}},"11":{"start":{"line":16,"column":8},"end":{"line":16,"column":27}},"12":{"start":{"line":17,"column":8},"end":{"line":17,"column":15}},"13":{"start":{"line":20,"column":22},"end":{"line":20,"column":73}},"14":{"start":{"line":21,"column":8},"end":{"line":21,"column":31}},"15":{"start":{"line":22,"column":8},"end":{"line":22,"column":20}}},"fnMap":{"0":{"name":"(anonymous_0)","decl":{"start":{"line":6,"column":33},"end":{"line":6,"column":34}},"loc":{"start":{"line":6,"column":59},"end":{"line":24,"column":1}},"line":6}},"branchMap":{"0":{"loc":{"start":{"line":8,"column":4},"end":{"line":12,"column":5}},"type":"if","locations":[{"start":{"line":8,"column":4},"end":{"line":12,"column":5}},{"start":{},"end":{}}],"line":8},"1":{"loc":{"start":{"line":8,"column":8},"end":{"line":8,"column":56}},"type":"binary-expr","locations":[{"start":{"line":8,"column":8},"end":{"line":8,"column":19}},{"start":{"line":8,"column":23},"end":{"line":8,"column":56}}],"line":8}},"s":{"0":4,"1":4,"2":4,"3":86,"4":86,"5":2,"6":2,"7":2,"8":84,"9":84,"10":84,"11":82,"12":82,"13":2,"14":2,"15":2},"f":{"0":86},"b":{"0":[2,84],"1":[86,84]},"inputSourceMap":null,"_coverageSchema":"1a1c01bbd47fc00a2c39e90264f33305004495a9","hash":"151e4eeee9c41c6665c13755c8c3a0fb823ae3b8"}
,"E:\\NoteTakingTs\\backend\\models\\noteModel.js": {"path":"E:\\NoteTakingTs\\backend\\models\\noteModel.js","statementMap":{"0":{"start":{"line":2,"column":19},"end":{"line":13,"column":2}},"1":{"start":{"line":14,"column":13},"end":{"line":14,"column":47}}},"fnMap":{},"branchMap":{},"s":{"0":6,"1":6},"f":{},"b":{},"inputSourceMap":null,"_coverageSchema":"1a1c01bbd47fc00a2c39e90264f33305004495a9","hash":"cdc810e09df6d9daa38c40cac07c32e09fd665cd"}
,"E:\\NoteTakingTs\\backend\\models\\pendingDeletionModel.js": {"path":"E:\\NoteTakingTs\\backend\\models\\pendingDeletionModel.js","statementMap":{"0":{"start":{"line":2,"column":30},"end":{"line":5,"column":2}}},"fnMap":{},"branchMap":{},"s":{"0":6},"f":{},"b":{},"inputSourceMap":null,"_coverageSchema":"1a1c01bbd47fc00a2c39e90264f33305004495a9","hash":"b1ae2f59f43867562ebda4b45c360ca1b881323b"}
,"E:\\NoteTakingTs\\backend\\models\\userModel.js": {"path":"E:\\NoteTakingTs\\backend\\models\\userModel.js","statementMap":{"0":{"start":{"line":2,"column":19},"end":{"line":8,"column":2}},"1":{"start":{"line":9,"column":13},"end":{"line":9,"column":47}}},"fnMap":{},"branchMap":{},"s":{"0":4,"1":4},"f":{},"b":{},"inputSourceMap":null,"_coverageSchema":"1a1c01bbd47fc00a2c39e90264f33305004495a9","hash":"7a68613a419e4c39f6a9af0f297d45ae3110b12e"}
,"E:\\NoteTakingTs\\backend\\routes\\authRoute.js": {"path":"E:\\NoteTakingTs\\backend\\routes\\authRoute.js","statementMap":{"0":{"start":{"line":4,"column":15},"end":{"line":4,"column":31}},"1":{"start":{"line":5,"column":0},"end":{"line":5,"column":53}},"2":{"start":{"line":6,"column":0},"end":{"line":6,"column":51}},"3":{"start":{"line":7,"column":0},"end":{"line":7,"column":47}}},"fnMap":{},"branchMap":{},"s":{"0":4,"1":4,"2":4,"3":4},"f":{},"b":{},"inputSourceMap":null,"_coverageSchema":"1a1c01bbd47fc00a2c39e90264f33305004495a9","hash":"f177c2496eaef5db21901adb7f5b3ceffe82cbf3"}
,"E:\\NoteTakingTs\\backend\\routes\\noteRoute.js": {"path":"E:\\NoteTakingTs\\backend\\routes\\noteRoute.js","statementMap":{"0":{"start":{"line":6,"column":15},"end":{"line":6,"column":31}},"1":{"start":{"line":7,"column":15},"end":{"line":17,"column":2}},"2":{"start":{"line":18,"column":0},"end":{"line":18,"column":57}},"3":{"start":{"line":19,"column":0},"end":{"line":19,"column":86}},"4":{"start":{"line":20,"column":0},"end":{"line":20,"column":85}},"5":{"start":{"line":21,"column":0},"end":{"line":21,"column":61}},"6":{"start":{"line":22,"column":0},"end":{"line":22,"column":93}}},"fnMap":{},"branchMap":{},"s":{"0":4,"1":4,"2":4,"3":4,"4":4,"5":4,"6":4},"f":{},"b":{},"inputSourceMap":null,"_coverageSchema":"1a1c01bbd47fc00a2c39e90264f33305004495a9","hash":"277fb9d614035c3cc80f0ee60ab10176d61d4ee3"}
,"E:\\NoteTakingTs\\backend\\tests\\testApp.js": {"path":"E:\\NoteTakingTs\\backend\\tests\\testApp.js","statementMap":{"0":{"start":{"line":5,"column":16},"end":{"line":5,"column":25}},"1":{"start":{"line":6,"column":0},"end":{"line":6,"column":28}},"2":{"start":{"line":7,"column":0},"end":{"line":7,"column":37}},"3":{"start":{"line":8,"column":0},"end":{"line":8,"column":43}},"4":{"start":{"line":9,"column":0},"end":{"line":9,"column":26}}},"fnMap":{},"branchMap":{},"s":{"0":4,"1":4,"2":4,"3":4,"4":4},"f":{},"b":{},"inputSourceMap":null,"_coverageSchema":"1a1c01bbd47fc00a2c39e90264f33305004495a9","hash":"aa311cca1c00b3fa97c9752a5c4683c3df2f4dd1"}
}
