TN:
SF:controllers\cleanUpController.js
FN:4,(anonymous_0)
FN:8,(anonymous_1)
FNF:2
FNH:2
FNDA:6,(anonymous_0)
FNDA:6,(anonymous_1)
DA:4,2
DA:5,6
DA:6,6
DA:8,2
DA:9,6
DA:10,6
DA:13,6
DA:14,4
DA:20,4
DA:21,2
DA:22,2
DA:23,2
DA:26,2
LF:13
LH:13
BRDA:6,0,0,4
BRDA:6,0,1,2
BRDA:20,1,0,2
BRDA:20,1,1,2
BRF:4
BRH:4
end_of_record
TN:
SF:controllers\extractImageUrls.js
FN:2,(anonymous_0)
FN:5,(anonymous_1)
FN:6,(anonymous_2)
FNF:3
FNH:3
FNDA:58,(anonymous_0)
FNDA:24,(anonymous_1)
FNDA:24,(anonymous_2)
DA:2,4
DA:3,58
DA:4,58
DA:5,24
DA:6,24
DA:7,58
LF:6
LH:6
BRDA:2,0,0,0
BRDA:3,1,0,58
BRDA:3,1,1,36
BRF:3
BRH:2
end_of_record
TN:
SF:controllers\noteController.js
FN:6,(anonymous_0)
FN:7,(anonymous_1)
FN:11,(anonymous_2)
FN:22,(anonymous_3)
FN:26,(anonymous_4)
FN:35,(anonymous_5)
FN:62,(anonymous_6)
FN:98,(anonymous_7)
FN:116,(anonymous_8)
FN:130,(anonymous_9)
FN:135,(anonymous_10)
FN:136,(anonymous_11)
FN:152,(anonymous_12)
FNF:13
FNH:13
FNDA:18,(anonymous_0)
FNDA:18,(anonymous_1)
FNDA:18,(anonymous_2)
FNDA:10,(anonymous_3)
FNDA:6,(anonymous_4)
FNDA:36,(anonymous_5)
FNDA:26,(anonymous_6)
FNDA:10,(anonymous_7)
FNDA:14,(anonymous_8)
FNDA:4,(anonymous_9)
FNDA:6,(anonymous_10)
FNDA:6,(anonymous_11)
FNDA:10,(anonymous_12)
DA:6,4
DA:7,18
DA:8,18
DA:12,18
DA:13,12
DA:16,6
DA:19,18
DA:22,4
DA:23,10
DA:24,10
DA:26,4
DA:27,6
DA:28,2
DA:29,2
DA:30,2
DA:32,4
DA:33,2
DA:35,4
DA:36,36
DA:37,2
DA:38,2
DA:39,2
DA:41,34
DA:42,34
DA:43,34
DA:44,8
DA:45,8
DA:48,2
DA:49,2
DA:50,2
DA:51,2
DA:54,32
DA:60,32
DA:62,4
DA:63,26
DA:64,2
DA:65,2
DA:66,2
DA:68,24
DA:69,24
DA:70,24
DA:71,24
DA:72,2
DA:73,2
DA:74,2
DA:76,22
DA:77,6
DA:78,6
DA:79,4
DA:82,2
DA:83,2
DA:84,2
DA:85,2
DA:88,20
DA:91,20
DA:92,2
DA:93,2
DA:94,2
DA:96,18
DA:97,18
DA:98,18
DA:99,18
DA:102,2
DA:104,18
DA:105,12
DA:106,10
DA:107,8
DA:110,16
DA:116,4
DA:117,14
DA:118,2
DA:119,2
DA:120,2
DA:122,12
DA:123,12
DA:124,2
DA:125,2
DA:126,2
DA:128,10
DA:130,4
DA:134,10
DA:135,10
DA:136,10
DA:137,6
DA:138,6
DA:139,4
DA:140,4
DA:143,2
DA:147,10
DA:152,4
DA:153,10
DA:154,2
DA:155,2
DA:156,2
DA:158,8
DA:159,4
DA:160,4
DA:161,4
DA:163,4
DA:164,4
DA:165,2
DA:172,2
DA:173,2
DA:174,2
DA:175,2
LF:105
LH:105
BRDA:12,0,0,12
BRDA:12,0,1,6
BRDA:24,1,0,6
BRDA:24,1,1,4
BRDA:27,2,0,2
BRDA:27,2,1,4
BRDA:36,3,0,2
BRDA:36,3,1,34
BRDA:43,4,0,8
BRDA:43,4,1,26
BRDA:63,5,0,2
BRDA:63,5,1,24
BRDA:71,6,0,2
BRDA:71,6,1,22
BRDA:76,7,0,6
BRDA:76,7,1,16
BRDA:91,8,0,2
BRDA:91,8,1,18
BRDA:99,9,0,2
BRDA:99,9,1,16
BRDA:99,10,0,18
BRDA:99,10,1,4
BRDA:99,10,2,4
BRDA:106,11,0,8
BRDA:106,11,1,2
BRDA:117,12,0,2
BRDA:117,12,1,12
BRDA:123,13,0,2
BRDA:123,13,1,10
BRDA:129,14,0,10
BRDA:129,14,1,6
BRDA:132,15,0,2
BRDA:132,15,1,8
BRDA:138,16,0,4
BRDA:138,16,1,2
BRDA:153,17,0,2
BRDA:153,17,1,8
BRDA:158,18,0,4
BRDA:158,18,1,4
BRF:39
BRH:39
end_of_record
TN:
SF:controllers\userController.js
FN:4,(anonymous_0)
FN:25,(anonymous_1)
FN:34,(anonymous_2)
FNF:3
FNH:3
FNDA:20,(anonymous_0)
FNDA:6,(anonymous_1)
FNDA:8,(anonymous_2)
DA:4,4
DA:5,20
DA:6,20
DA:7,20
DA:8,20
DA:9,2
DA:10,2
DA:11,2
DA:13,18
DA:14,18
DA:15,18
DA:16,18
DA:22,2
DA:25,4
DA:26,6
DA:27,6
DA:28,2
DA:29,2
DA:31,4
DA:32,4
DA:34,4
DA:35,8
DA:36,8
DA:37,8
DA:38,8
DA:39,2
DA:40,2
DA:41,2
DA:43,6
DA:44,6
DA:45,2
DA:46,2
DA:47,2
DA:49,4
DA:50,4
DA:56,4
LF:36
LH:36
BRDA:8,0,0,2
BRDA:8,0,1,18
BRDA:27,1,0,2
BRDA:27,1,1,4
BRDA:38,2,0,2
BRDA:38,2,1,6
BRDA:44,3,0,2
BRDA:44,3,1,4
BRF:8
BRH:8
end_of_record
TN:
SF:middleware\asyncHandler.js
FN:1,(anonymous_0)
FN:1,(anonymous_1)
FNF:2
FNH:2
FNDA:36,(anonymous_0)
FNDA:202,(anonymous_1)
DA:1,202
LF:1
LH:1
BRF:0
BRH:0
end_of_record
TN:
SF:middleware\errorHandler.js
FN:1,(anonymous_0)
FNF:1
FNH:1
FNDA:46,(anonymous_0)
DA:1,6
DA:2,46
DA:3,46
DA:4,46
DA:5,2
DA:6,2
DA:8,46
DA:9,2
DA:10,2
DA:12,46
DA:13,4
DA:14,4
DA:16,46
DA:18,4
DA:19,4
DA:21,46
LF:16
LH:16
BRDA:2,0,0,46
BRDA:2,0,1,20
BRDA:3,1,0,46
BRDA:3,1,1,8
BRDA:4,2,0,2
BRDA:4,2,1,44
BRDA:8,3,0,2
BRDA:8,3,1,44
BRDA:12,4,0,4
BRDA:12,4,1,42
BRDA:12,5,0,46
BRDA:12,5,1,44
BRDA:16,6,0,4
BRDA:16,6,1,42
BRDA:16,7,0,46
BRDA:16,7,1,44
BRF:16
BRH:16
end_of_record
TN:
SF:middleware\verifyTokenHandler.js
FN:6,(anonymous_0)
FNF:1
FNH:1
FNDA:86,(anonymous_0)
DA:4,4
DA:5,4
DA:6,4
DA:7,86
DA:8,86
DA:9,2
DA:10,2
DA:11,2
DA:13,84
DA:14,84
DA:15,84
DA:16,82
DA:17,82
DA:20,2
DA:21,2
DA:22,2
LF:16
LH:16
BRDA:8,0,0,2
BRDA:8,0,1,84
BRDA:8,1,0,86
BRDA:8,1,1,84
BRF:4
BRH:4
end_of_record
TN:
SF:models\noteModel.js
FNF:0
FNH:0
DA:2,6
DA:14,6
LF:2
LH:2
BRF:0
BRH:0
end_of_record
TN:
SF:models\pendingDeletionModel.js
FNF:0
FNH:0
DA:2,6
LF:1
LH:1
BRF:0
BRH:0
end_of_record
TN:
SF:models\userModel.js
FNF:0
FNH:0
DA:2,4
DA:9,4
LF:2
LH:2
BRF:0
BRH:0
end_of_record
TN:
SF:routes\authRoute.js
FNF:0
FNH:0
DA:4,4
DA:5,4
DA:6,4
DA:7,4
LF:4
LH:4
BRF:0
BRH:0
end_of_record
TN:
SF:routes\noteRoute.js
FNF:0
FNH:0
DA:6,4
DA:7,4
DA:18,4
DA:19,4
DA:20,4
DA:21,4
DA:22,4
LF:7
LH:7
BRF:0
BRH:0
end_of_record
TN:
SF:tests\testApp.js
FNF:0
FNH:0
DA:5,4
DA:6,4
DA:7,4
DA:8,4
DA:9,4
LF:5
LH:5
BRF:0
BRH:0
end_of_record
